<?xml version="1.0" encoding="UTF-8"?>
<!-- Generated by org.testng.reporters.JUnitReportReporter -->
<testsuite hostname="DESKTOP-9PA8N0S" failures="0" tests="3" name="Runner_Files.Landing_Welcome_Page_Runner" time="41.007" errors="0" timestamp="2021-04-14T11:06:33 IST" skipped="0">
  <testcase classname="Runner_Files.Landing_Welcome_Page_Runner" name="runScenario" time="16.653"/>
  <system-out/>
  <testcase classname="Runner_Files.Landing_Welcome_Page_Runner" name="runScenario" time="19.568"/>
  <system-out/>
  <testcase classname="Runner_Files.Landing_Welcome_Page_Runner" name="runScenario" time="4.786"/>
  <system-out/>
</testsuite> <!-- Runner_Files.Landing_Welcome_Page_Runner -->
