<?xml version="1.0" encoding="UTF-8"?>
<!-- Generated by org.testng.reporters.JUnitReportReporter -->
<testsuite hostname="DESKTOP-9PA8N0S" failures="0" tests="2" name="Runner_Files.Land_Wel_page_Runner" time="41.398" errors="0" timestamp="2021-04-09T10:34:41 IST" skipped="0">
  <testcase classname="Runner_Files.Land_Wel_page_Runner" name="runScenario" time="20.546"/>
  <system-out/>
  <testcase classname="Runner_Files.Land_Wel_page_Runner" name="runScenario" time="20.852"/>
  <system-out/>
</testsuite> <!-- Runner_Files.Land_Wel_page_Runner -->
